[     901ms] [LOG] JQMIGRATE: Migrate is installed, version 3.4.1 @ https://www.metzer-group.co.il/wp-includes/js/jquery/jquery-migrate.min.js?ver=3.4.1:1
[     951ms] [LOG] productName:  @ https://www.metzer-group.co.il/wp-content/themes/metzer/assets/js/calculator-irrimetzer/src/irrimetzer-field-populator.js:1
[    1084ms] [LOG] host www.metzer-group.co.il @ :18
[    1153ms] [LOG] HE @ https://vee-crm.com/js/:1946
[    1153ms] [LOG] Vee Plugin using window.args @ https://vee-crm.com/js/:1953
[    1153ms] [LOG] Vee Plugin config validated successfully. @ https://vee-crm.com/js/:1974
[    1153ms] [LOG] Vee Plugin first run... @ https://vee-crm.com/js/:135
[    1153ms] [LOG] page_lang HE @ https://vee-crm.com/js/:158
[    1154ms] [LOG] Checking docReady... @ https://vee-crm.com/js/:107
[    1173ms] [WARNING] Allow attribute will take precedence over 'allowfullscreen'. @ https://cdn.duki.ai/embed.js?project=695d00fa813bda05dffff12c:1492
[    1241ms] [LOG] Vee Plugin successfully loaded! @ https://vee-crm.com/js/:175
[    1244ms] [LOG] Vee CSS element found. @ https://vee-crm.com/js/:484
[    2095ms] [LOG]  HubSpot hidden field product_s_attributes not found. @ https://www.metzer-group.co.il/wp-content/themes/metzer/assets/js/calculator-irrimetzer/src/form-submission.js:1804
[    2096ms] [LOG] Irrimetzer Calculator Loaded! @ https://www.metzer-group.co.il/wp-content/themes/metzer/assets/js/calculator-irrimetzer/main.js?ver=1.1.10:11
[    2097ms] [LOG] Setting up form submission... @ https://www.metzer-group.co.il/wp-content/themes/metzer/assets/js/calculator-irrimetzer/src/form-submission.js:20
[    2115ms] [LOG] data_arrows crops e.<computed> @ https://www.metzer-group.co.il/wp-content/themes/metzer/assets/js/custom.js?ver=1.1.10:1141
[    2115ms] [LOG] data_arrows 2 e.<computed> @ https://www.metzer-group.co.il/wp-content/themes/metzer/assets/js/custom.js?ver=1.1.10:1142
[    2157ms] [LOG] ACF Gallery Section Carousel JS loaded @ https://www.metzer-group.co.il/wp-content/themes/metzer/assets/js/blocks/block-gallery.js?ver=6.8.0.1:81
[    2164ms] [LOG] Solutions Block JS Loaded! @ https://www.metzer-group.co.il/wp-content/themes/metzer/assets/js/blocks/block-solutions.js?ver=6.8.0.1:3
[    2178ms] [LOG] Vee CSS file loaded. @ https://vee-crm.com/js/:489
[    2196ms] [LOG] Verifying window.onload... @ https://vee-crm.com/js/:113
[    2204ms] [LOG] Verifying window.onload... @ https://vee-crm.com/js/:113
[    3206ms] [LOG] Plugin activated. @ https://vee-crm.com/js/:129
[    3206ms] [LOG] Plugin activated. @ https://vee-crm.com/js/:129
